#
# There is insufficient memory for the Java Runtime Environment to continue.
# Native memory allocation (malloc) failed to allocate 32744 bytes for ChunkPool::allocate
# Possible reasons:
#   The system is out of physical RAM or swap space
#   The process is running with CompressedOops enabled, and the Java Heap may be blocking the growth of the native heap
# Possible solutions:
#   Reduce memory load on the system
#   Increase physical memory or swap space
#   Check if swap backing store is full
#   Decrease Java heap size (-Xmx/-Xms)
#   Decrease number of Java threads
#   Decrease Java thread stack sizes (-Xss)
#   Set larger code cache with -XX:ReservedCodeCacheSize=
#   JVM is running with Unscaled Compressed Oops mode in which the Java heap is
#     placed in the first 4GB address space. The Java Heap base address is the
#     maximum limit for the native heap growth. Please use -XX:HeapBaseMinAddress
#     to set the Java Heap base and to place the Java Heap above 4GB virtual address.
# This output file may be truncated or incomplete.
#
#  Out of Memory Error (allocation.cpp:272), pid=2556, tid=0x0000000000004da8
#
# JRE version: OpenJDK Runtime Environment (8.0_242-b01) (build 1.8.0_242-release-1644-b01)
# Java VM: OpenJDK 64-Bit Server VM (25.242-b01 mixed mode windows-amd64 compressed oops)
# Failed to write core dump. Minidumps are not enabled by default on client versions of Windows
#

---------------  T H R E A D  ---------------

Current thread (0x0000000019b86000):  JavaThread "C2 CompilerThread1" daemon [_thread_in_native, id=19880, stack(0x000000001a3f0000,0x000000001a4f0000)]

Stack: [0x000000001a3f0000,0x000000001a4f0000]
[error occurred during error reporting (printing stack bounds), id 0xc0000005]

Native frames: (J=compiled Java code, j=interpreted, Vv=VM code, C=native code)


Current CompileTask:
C2:1373593 30050       4       org.gradle.api.internal.artifacts.ivyservice.resolveengine.graph.builder.NodeState::visitOutgoingDependencies (264 bytes)


---------------  P R O C E S S  ---------------

Java Threads: ( => current thread )
  0x0000000039a74800 JavaThread "Build operations Thread 8" [_thread_blocked, id=12568, stack(0x0000000022990000,0x0000000022a90000)]
  0x0000000039a76000 JavaThread "Build operations Thread 7" [_thread_blocked, id=22244, stack(0x0000000022890000,0x0000000022990000)]
  0x0000000039a6e800 JavaThread "Build operations Thread 6" [_thread_blocked, id=10508, stack(0x0000000022690000,0x0000000022790000)]
  0x0000000039a75800 JavaThread "Build operations Thread 5" [_thread_blocked, id=26108, stack(0x0000000022590000,0x0000000022690000)]
  0x0000000039a6f800 JavaThread "Build operations Thread 4" [_thread_blocked, id=16888, stack(0x0000000022490000,0x0000000022590000)]
  0x0000000039a71800 JavaThread "Build operations Thread 3" [_thread_blocked, id=21520, stack(0x0000000022390000,0x0000000022490000)]
  0x0000000039a71000 JavaThread "Build operations Thread 2" [_thread_blocked, id=17460, stack(0x0000000022090000,0x0000000022190000)]
  0x0000000039a70000 JavaThread "Build operations" [_thread_blocked, id=11412, stack(0x0000000021f90000,0x0000000022090000)]
  0x0000000039a74000 JavaThread "Cache worker for cache directory md-rule (C:\Users\com\.gradle\caches\6.5\md-rule)" [_thread_blocked, id=25180, stack(0x0000000021790000,0x0000000021890000)]
  0x0000000039a67000 JavaThread "Cache worker for cache directory md-supplier (C:\Users\com\.gradle\caches\6.5\md-supplier)" [_thread_blocked, id=2940, stack(0x000000001fb40000,0x000000001fc40000)]
  0x0000000039a6e000 JavaThread "Cache worker for checksums cache (C:\Users\com\AndroidStudioProjects\SSF2\.gradle\checksums)" [_thread_blocked, id=8060, stack(0x000000001f840000,0x000000001f940000)]
  0x0000000039a6d000 JavaThread "Cache worker for file hash cache (C:\Users\com\AndroidStudioProjects\SSF2\.gradle\6.5\fileHashes)" [_thread_blocked, id=23712, stack(0x000000001de70000,0x000000001df70000)]
  0x0000000039a66800 JavaThread "Thread-1488" [_thread_blocked, id=16792, stack(0x000000001dd70000,0x000000001de70000)]
  0x0000000039a6a000 JavaThread "Stdin handler" [_thread_blocked, id=24996, stack(0x000000001dc70000,0x000000001dd70000)]
  0x0000000039a6c800 JavaThread "Asynchronous log dispatcher for DefaultDaemonConnection: socket connection from /127.0.0.1:12769 to /127.0.0.1:14073" [_thread_blocked, id=19876, stack(0x000000001db70000,0x000000001dc70000)]
  0x0000000039a69800 JavaThread "Cancel handler" [_thread_blocked, id=26288, stack(0x000000001d490000,0x000000001d590000)]
  0x0000000039a68800 JavaThread "Handler for socket connection from /127.0.0.1:12769 to /127.0.0.1:14073" [_thread_in_native, id=14628, stack(0x000000001d390000,0x000000001d490000)]
  0x0000000039a6b800 JavaThread "ForkJoinPool.commonPool-worker-7" daemon [_thread_blocked, id=13700, stack(0x000000003e9e0000,0x000000003eae0000)]
  0x0000000039a6b000 JavaThread "ForkJoinPool.commonPool-worker-6" daemon [_thread_blocked, id=6820, stack(0x000000003e8e0000,0x000000003e9e0000)]
  0x0000000039a68000 JavaThread "ForkJoinPool.commonPool-worker-5" daemon [_thread_blocked, id=26272, stack(0x000000003e7e0000,0x000000003e8e0000)]
  0x000000001cb2f000 JavaThread "ForkJoinPool.commonPool-worker-3" daemon [_thread_blocked, id=8516, stack(0x000000003e5e0000,0x000000003e6e0000)]
  0x0000000030ef3800 JavaThread "ForkJoinPool.commonPool-worker-1" daemon [_thread_blocked, id=152, stack(0x0000000034bc0000,0x0000000034cc0000)]
  0x0000000030f0c800 JavaThread "Cache worker for Java compile cache (C:\Users\com\.gradle\caches\6.5\javaCompile)" [_thread_blocked, id=12972, stack(0x00000000353d0000,0x00000000354d0000)]
  0x0000000030f0b800 JavaThread "RMI TCP Connection(1)-127.0.0.1" daemon [_thread_in_native, id=15536, stack(0x000000003e050000,0x000000003e150000)]
  0x0000000030f0b000 JavaThread "RMI Reaper" [_thread_blocked, id=23708, stack(0x000000003df50000,0x000000003e050000)]
  0x0000000030f0a000 JavaThread "RMI TCP Accept-0" daemon [_thread_in_native, id=22340, stack(0x000000003de50000,0x000000003df50000)]
  0x0000000030f02800 JavaThread "GC Daemon" daemon [_thread_blocked, id=5860, stack(0x000000003dd50000,0x000000003de50000)]
  0x0000000030f08800 JavaThread "RMI Scheduler(0)" daemon [_thread_blocked, id=14568, stack(0x0000000034ec0000,0x0000000034fc0000)]
  0x0000000030ef0000 JavaThread "MarlinRenderer Disposer" daemon [_thread_blocked, id=22500, stack(0x00000000358b0000,0x00000000359b0000)]
  0x0000000030ef1800 JavaThread "Java2D Disposer" daemon [_thread_blocked, id=22132, stack(0x00000000356d0000,0x00000000357d0000)]
  0x000000001cb2a800 JavaThread "jar transforms Thread 912" [_thread_blocked, id=9012, stack(0x000000002df30000,0x000000002e030000)]
  0x000000001cb29800 JavaThread "jar transforms Thread 911" [_thread_blocked, id=17424, stack(0x000000002d630000,0x000000002d730000)]
  0x000000001cb30800 JavaThread "jar transforms Thread 910" [_thread_blocked, id=23576, stack(0x000000002d130000,0x000000002d230000)]
  0x000000001cb2e000 JavaThread "jar transforms Thread 909" [_thread_blocked, id=25120, stack(0x0000000029f90000,0x000000002a090000)]
  0x000000001cb2d800 JavaThread "jar transforms Thread 908" [_thread_blocked, id=15384, stack(0x0000000029c90000,0x0000000029d90000)]
  0x000000001cb2f800 JavaThread "jar transforms Thread 907" [_thread_blocked, id=12904, stack(0x0000000029990000,0x0000000029a90000)]
  0x000000001b332800 JavaThread "jar transforms Thread 906" [_thread_blocked, id=22096, stack(0x0000000029890000,0x0000000029990000)]
  0x000000001b332000 JavaThread "jar transforms Thread 905" [_thread_in_Java, id=25072, stack(0x0000000029790000,0x0000000029890000)]
  0x000000001b333800 JavaThread "jar transforms Thread 904" [_thread_blocked, id=11440, stack(0x0000000029690000,0x0000000029790000)]
  0x000000001b335000 JavaThread "jar transforms Thread 903" [_thread_blocked, id=25244, stack(0x0000000029590000,0x0000000029690000)]
  0x000000001b330800 JavaThread "jar transforms Thread 902" [_thread_blocked, id=19636, stack(0x0000000029490000,0x0000000029590000)]
  0x000000001b331000 JavaThread "jar transforms Thread 901" [_thread_blocked, id=7648, stack(0x0000000029390000,0x0000000029490000)]
  0x000000001b334000 JavaThread "jar transforms Thread 900" [_thread_blocked, id=17048, stack(0x0000000029290000,0x0000000029390000)]
  0x000000001b329000 JavaThread "jar transforms Thread 899" [_thread_blocked, id=13888, stack(0x0000000029190000,0x0000000029290000)]
  0x000000001b32f800 JavaThread "jar transforms Thread 898" [_thread_blocked, id=12476, stack(0x0000000029090000,0x0000000029190000)]
  0x000000001b32f000 JavaThread "jar transforms Thread 897" [_thread_blocked, id=13080, stack(0x0000000028e90000,0x0000000028f90000)]
  0x000000001b328000 JavaThread "jar transforms Thread 896" [_thread_in_vm, id=25316, stack(0x0000000028d90000,0x0000000028e90000)]
  0x000000001b32e000 JavaThread "jar transforms Thread 895" [_thread_blocked, id=22844, stack(0x0000000028c90000,0x0000000028d90000)]
  0x000000001b326800 JavaThread "jar transforms Thread 894" [_thread_blocked, id=19108, stack(0x0000000028b90000,0x0000000028c90000)]
  0x000000001b32c000 JavaThread "jar transforms Thread 893" [_thread_blocked, id=9392, stack(0x0000000028a90000,0x0000000028b90000)]
  0x000000001b32b000 JavaThread "jar transforms Thread 892" [_thread_blocked, id=8440, stack(0x0000000028990000,0x0000000028a90000)]
  0x000000002bc38800 JavaThread "jar transforms Thread 891" [_thread_blocked, id=19744, stack(0x0000000028890000,0x0000000028990000)]
  0x000000002bc39000 JavaThread "jar transforms Thread 890" [_thread_blocked, id=23412, stack(0x0000000028790000,0x0000000028890000)]
  0x000000002bc37800 JavaThread "jar transforms Thread 889" [_thread_blocked, id=12396, stack(0x0000000028690000,0x0000000028790000)]
  0x000000002bc3e800 JavaThread "jar transforms Thread 888" [_thread_blocked, id=16624, stack(0x0000000028590000,0x0000000028690000)]
  0x000000002bc3d800 JavaThread "jar transforms Thread 887" [_thread_blocked, id=16684, stack(0x0000000028490000,0x0000000028590000)]
  0x000000002bc3d000 JavaThread "jar transforms Thread 886" [_thread_blocked, id=12188, stack(0x0000000028390000,0x0000000028490000)]
  0x000000002bc3c000 JavaThread "jar transforms Thread 885" [_thread_blocked, id=22628, stack(0x0000000028290000,0x0000000028390000)]
  0x000000002bc3b800 JavaThread "jar transforms Thread 884" [_thread_blocked, id=10300, stack(0x0000000028190000,0x0000000028290000)]
  0x000000002bc3a800 JavaThread "jar transforms Thread 883" [_thread_blocked, id=16556, stack(0x0000000028090000,0x0000000028190000)]
  0x000000002bc30000 JavaThread "jar transforms Thread 882" [_thread_blocked, id=25676, stack(0x0000000027f90000,0x0000000028090000)]
  0x000000002bc37000 JavaThread "jar transforms Thread 881" [_thread_blocked, id=21408, stack(0x0000000027e90000,0x0000000027f90000)]
  0x000000002bc34800 JavaThread "jar transforms Thread 880" [_thread_blocked, id=10880, stack(0x0000000027d90000,0x0000000027e90000)]
  0x000000002bc36000 JavaThread "jar transforms Thread 879" [_thread_blocked, id=8680, stack(0x0000000027c90000,0x0000000027d90000)]
  0x000000002bc35800 JavaThread "jar transforms Thread 878" [_thread_blocked, id=12052, stack(0x0000000027b90000,0x0000000027c90000)]
  0x000000002bc34000 JavaThread "jar transforms Thread 877" [_thread_blocked, id=25576, stack(0x0000000027a90000,0x0000000027b90000)]
  0x000000002bc33000 JavaThread "jar transforms Thread 876" [_thread_blocked, id=24764, stack(0x0000000027990000,0x0000000027a90000)]
  0x000000002bc31800 JavaThread "jar transforms Thread 875" [_thread_blocked, id=17496, stack(0x0000000027890000,0x0000000027990000)]
  0x000000002bc2f800 JavaThread "jar transforms Thread 874" [_thread_blocked, id=19488, stack(0x0000000027790000,0x0000000027890000)]
  0x000000002bc32800 JavaThread "jar transforms Thread 873" [_thread_blocked, id=22136, stack(0x0000000027690000,0x0000000027790000)]
  0x00000000208ee800 JavaThread "jar transforms Thread 872" [_thread_blocked, id=26052, stack(0x0000000027590000,0x0000000027690000)]
  0x00000000208ed800 JavaThread "jar transforms Thread 871" [_thread_blocked, id=25436, stack(0x0000000027490000,0x0000000027590000)]
  0x00000000208f0000 JavaThread "jar transforms Thread 870" [_thread_blocked, id=14300, stack(0x0000000027390000,0x0000000027490000)]
  0x00000000208ef000 JavaThread "jar transforms Thread 869" [_thread_blocked, id=24292, stack(0x0000000027290000,0x0000000027390000)]
  0x00000000208e7000 JavaThread "jar transforms Thread 868" [_thread_blocked, id=19708, stack(0x0000000027190000,0x0000000027290000)]
  0x00000000208e6000 JavaThread "jar transforms Thread 867" [_thread_blocked, id=22008, stack(0x0000000027090000,0x0000000027190000)]
  0x00000000208e7800 JavaThread "jar transforms Thread 866" [_thread_blocked, id=6004, stack(0x0000000026f90000,0x0000000027090000)]
  0x00000000208ed000 JavaThread "jar transforms Thread 865" [_thread_blocked, id=18184, stack(0x0000000026e90000,0x0000000026f90000)]
  0x00000000208e5800 JavaThread "jar transforms Thread 864" [_thread_blocked, id=26348, stack(0x0000000026d90000,0x0000000026e90000)]
  0x00000000208ec000 JavaThread "jar transforms Thread 863" [_thread_blocked, id=8284, stack(0x0000000026c90000,0x0000000026d90000)]
  0x00000000208eb800 JavaThread "jar transforms Thread 862" [_thread_blocked, id=26292, stack(0x0000000026b90000,0x0000000026c90000)]
  0x00000000208ea800 JavaThread "jar transforms Thread 861" [_thread_blocked, id=21832, stack(0x0000000026a90000,0x0000000026b90000)]
  0x00000000208ea000 JavaThread "jar transforms Thread 860" [_thread_blocked, id=23900, stack(0x0000000026990000,0x0000000026a90000)]
  0x00000000208e4000 JavaThread "jar transforms Thread 859" [_thread_blocked, id=13460, stack(0x0000000026890000,0x0000000026990000)]
  0x00000000208e4800 JavaThread "jar transforms Thread 858" [_thread_blocked, id=2596, stack(0x0000000026790000,0x0000000026890000)]
  0x00000000208e2800 JavaThread "jar transforms Thread 857" [_thread_blocked, id=14408, stack(0x0000000026690000,0x0000000026790000)]
  0x00000000208e8800 JavaThread "jar transforms Thread 856" [_thread_blocked, id=21628, stack(0x0000000026590000,0x0000000026690000)]
  0x00000000208e3000 JavaThread "jar transforms Thread 855" [_thread_blocked, id=20012, stack(0x0000000026490000,0x0000000026590000)]
  0x00000000208e1000 JavaThread "jar transforms Thread 854" [_thread_blocked, id=12340, stack(0x0000000026390000,0x0000000026490000)]
  0x000000001ffe1800 JavaThread "jar transforms Thread 853" [_thread_blocked, id=15732, stack(0x0000000026290000,0x0000000026390000)]
  0x000000001ffe0800 JavaThread "jar transforms Thread 852" [_thread_blocked, id=22456, stack(0x0000000026190000,0x0000000026290000)]
  0x000000001ffe0000 JavaThread "jar transforms Thread 851" [_thread_blocked, id=15740, stack(0x0000000026090000,0x0000000026190000)]
  0x000000001ffe2000 JavaThread "jar transforms Thread 850" [_thread_blocked, id=10380, stack(0x0000000025f90000,0x0000000026090000)]
  0x000000001ffdf000 JavaThread "jar transforms Thread 849" [_thread_blocked, id=22088, stack(0x0000000025e90000,0x0000000025f90000)]
  0x000000001ffde800 JavaThread "jar transforms Thread 848" [_thread_blocked, id=15424, stack(0x0000000025d90000,0x0000000025e90000)]
  0x000000001ffd7000 JavaThread "jar transforms Thread 847" [_thread_blocked, id=9588, stack(0x0000000025c90000,0x0000000025d90000)]
  0x000000001ffdd800 JavaThread "jar transforms Thread 846" [_thread_blocked, id=7336, stack(0x0000000025b90000,0x0000000025c90000)]
  0x000000001ffdd000 JavaThread "jar transforms Thread 845" [_thread_blocked, id=8580, stack(0x0000000025a90000,0x0000000025b90000)]
  0x000000001ffdc000 JavaThread "jar transforms Thread 844" [_thread_blocked, id=12804, stack(0x0000000025990000,0x0000000025a90000)]
  0x000000001ffdb800 JavaThread "jar transforms Thread 843" [_thread_blocked, id=22220, stack(0x0000000025890000,0x0000000025990000)]
  0x000000001ffd6000 JavaThread "jar transforms Thread 842" [_thread_blocked, id=7724, stack(0x0000000025790000,0x0000000025890000)]
  0x000000001ffd9000 JavaThread "jar transforms Thread 841" [_thread_blocked, id=24532, stack(0x0000000025690000,0x0000000025790000)]
  0x000000001ffd4800 JavaThread "jar transforms Thread 840" [_thread_blocked, id=24564, stack(0x0000000025590000,0x0000000025690000)]
  0x000000001ffd4000 JavaThread "jar transforms Thread 839" [_thread_blocked, id=22988, stack(0x0000000025490000,0x0000000025590000)]
  0x000000001ffd3000 JavaThread "jar transforms Thread 838" [_thread_blocked, id=18760, stack(0x0000000025390000,0x0000000025490000)]
  0x000000001ffd7800 JavaThread "jar transforms Thread 837" [_thread_blocked, id=20408, stack(0x0000000025290000,0x0000000025390000)]
  0x000000001ffd5800 JavaThread "jar transforms Thread 836" [_thread_blocked, id=24132, stack(0x0000000025190000,0x0000000025290000)]
  0x000000001ffda000 JavaThread "jar transforms Thread 835" [_thread_blocked, id=20904, stack(0x0000000025090000,0x0000000025190000)]
  0x0000000032a9d000 JavaThread "jar transforms Thread 834" [_thread_blocked, id=20996, stack(0x0000000024f90000,0x0000000025090000)]
  0x0000000032a9b800 JavaThread "jar transforms Thread 833" [_thread_blocked, id=26260, stack(0x0000000024e90000,0x0000000024f90000)]
  0x0000000032a9c000 JavaThread "jar transforms Thread 832" [_thread_blocked, id=21308, stack(0x0000000024d90000,0x0000000024e90000)]
  0x0000000032a9a800 JavaThread "jar transforms Thread 831" [_thread_blocked, id=13464, stack(0x0000000024c90000,0x0000000024d90000)]
  0x0000000032a93000 JavaThread "jar transforms Thread 830" [_thread_blocked, id=25888, stack(0x0000000024b90000,0x0000000024c90000)]
  0x0000000032a9a000 JavaThread "jar transforms Thread 829" [_thread_blocked, id=24744, stack(0x0000000024a90000,0x0000000024b90000)]
  0x0000000032a99000 JavaThread "jar transforms Thread 828" [_thread_blocked, id=26448, stack(0x0000000024990000,0x0000000024a90000)]
  0x0000000032a97000 JavaThread "jar transforms Thread 827" [_thread_blocked, id=21388, stack(0x0000000024890000,0x0000000024990000)]
  0x0000000032a98800 JavaThread "jar transforms Thread 826" [_thread_blocked, id=26204, stack(0x0000000024790000,0x0000000024890000)]
  0x0000000032a96000 JavaThread "jar transforms Thread 825" [_thread_blocked, id=11184, stack(0x0000000024690000,0x0000000024790000)]
  0x0000000032a91800 JavaThread "jar transforms Thread 824" [_thread_blocked, id=9972, stack(0x0000000024590000,0x0000000024690000)]
  0x0000000032a91000 JavaThread "jar transforms Thread 823" [_thread_blocked, id=1340, stack(0x0000000024490000,0x0000000024590000)]
  0x0000000032a97800 JavaThread "jar transforms Thread 822" [_thread_blocked, id=19900, stack(0x0000000024390000,0x0000000024490000)]
  0x0000000032a95800 JavaThread "jar transforms Thread 821" [_thread_blocked, id=9404, stack(0x0000000024290000,0x0000000024390000)]
  0x0000000032a8e000 JavaThread "jar transforms Thread 820" [_thread_blocked, id=24784, stack(0x0000000024190000,0x0000000024290000)]
  0x0000000032a92800 JavaThread "jar transforms Thread 819" [_thread_blocked, id=23728, stack(0x0000000024090000,0x0000000024190000)]
  0x0000000032a90000 JavaThread "jar transforms Thread 818" [_thread_blocked, id=7004, stack(0x0000000023f90000,0x0000000024090000)]
  0x0000000032a8f800 JavaThread "jar transforms Thread 817" [_thread_blocked, id=24588, stack(0x0000000023e90000,0x0000000023f90000)]
  0x0000000032a94800 JavaThread "jar transforms Thread 816" [_thread_blocked, id=18812, stack(0x0000000023d90000,0x0000000023e90000)]
  0x000000002b783000 JavaThread "jar transforms Thread 815" [_thread_blocked, id=256, stack(0x0000000023c90000,0x0000000023d90000)]
  0x000000002b77d000 JavaThread "jar transforms Thread 814" [_thread_blocked, id=15592, stack(0x0000000023b90000,0x0000000023c90000)]
  0x000000002b781000 JavaThread "jar transforms Thread 813" [_thread_blocked, id=20828, stack(0x0000000023a90000,0x0000000023b90000)]
  0x000000002b780000 JavaThread "jar transforms Thread 812" [_thread_blocked, id=12484, stack(0x0000000023990000,0x0000000023a90000)]
  0x000000002b784000 JavaThread "jar transforms Thread 811" [_thread_blocked, id=16068, stack(0x0000000023890000,0x0000000023990000)]
  0x000000002b77e000 JavaThread "jar transforms Thread 810" [_thread_blocked, id=6816, stack(0x0000000023790000,0x0000000023890000)]
  0x000000002b782800 JavaThread "jar transforms Thread 809" [_thread_blocked, id=20880, stack(0x0000000023690000,0x0000000023790000)]
  0x000000002b77f800 JavaThread "jar transforms Thread 808" [_thread_blocked, id=24356, stack(0x0000000023590000,0x0000000023690000)]
  0x000000002b781800 JavaThread "jar transforms Thread 807" [_thread_blocked, id=12752, stack(0x0000000023490000,0x0000000023590000)]
  0x000000002b775800 JavaThread "jar transforms Thread 806" [_thread_blocked, id=6664, stack(0x0000000023390000,0x0000000023490000)]
  0x000000002b77c800 JavaThread "jar transforms Thread 805" [_thread_blocked, id=19376, stack(0x0000000023290000,0x0000000023390000)]
  0x000000002b77a000 JavaThread "jar transforms Thread 804" [_thread_blocked, id=19308, stack(0x0000000023190000,0x0000000023290000)]
  0x000000002b778800 JavaThread "jar transforms Thread 803" [_thread_blocked, id=24224, stack(0x0000000023090000,0x0000000023190000)]
  0x000000002b77b000 JavaThread "jar transforms Thread 802" [_thread_blocked, id=23068, stack(0x0000000022f90000,0x0000000023090000)]
  0x000000002b778000 JavaThread "jar transforms Thread 801" [_thread_blocked, id=22832, stack(0x0000000022c90000,0x0000000022d90000)]
  0x000000002b779800 JavaThread "jar transforms Thread 800" [_thread_blocked, id=2948, stack(0x0000000022b90000,0x0000000022c90000)]
  0x000000002b776800 JavaThread "jar transforms Thread 799" [_thread_blocked, id=16504, stack(0x0000000022a90000,0x0000000022b90000)]
  0x000000002f1a0800 JavaThread "Daemon worker Thread 8" [_thread_in_native, id=21960, stack(0x000000001da70000,0x000000001db70000)]
  0x000000002f19f000 JavaThread "Daemon Thread 8" [_thread_blocked, id=11704, stack(0x0000000000ce0000,0x0000000000de0000)]
  0x000000001cb2c000 JavaThread "Memory manager" [_thread_blocked, id=24808, stack(0x000000002d030000,0x000000002d130000)]
  0x000000001b327800 JavaThread "Cache worker for file content cache (C:\Users\com\.gradle\caches\6.5\fileContent)" [_thread_blocked, id=14840, stack(0x0000000021890000,0x0000000021990000)]
  0x0000000019b92800 JavaThread "Cache worker for execution history cache (C:\Users\com\.gradle\caches\6.5\executionHistory)" [_thread_blocked, id=16376, stack(0x0000000021090000,0x0000000021190000)]
  0x0000000019b98800 JavaThread "Cache worker for file hash cache (C:\Users\com\.gradle\caches\6.5\fileHashes)" [_thread_blocked, id=12240, stack(0x000000001e570000,0x000000001e670000)]
  0x0000000019b96000 JavaThread "File lock request listener" [_thread_in_native, id=9732, stack(0x000000001e470000,0x000000001e570000)]
  0x0000000019e99000 JavaThread "Cache worker for journal cache (C:\Users\com\.gradle\caches\journal-1)" [_thread_blocked, id=19192, stack(0x000000001e370000,0x000000001e470000)]
  0x000000001b437800 JavaThread "Daemon periodic checks" [_thread_blocked, id=25344, stack(0x000000001d770000,0x000000001d870000)]
  0x000000001c386800 JavaThread "Incoming local TCP Connector on port 12769" [_thread_in_native, id=12776, stack(0x000000001d590000,0x000000001d690000)]
  0x000000001c2f8800 JavaThread "Daemon health stats" [_thread_blocked, id=22948, stack(0x000000001d290000,0x000000001d390000)]
  0x0000000019bfa800 JavaThread "Service Thread" daemon [_thread_blocked, id=14884, stack(0x000000001a6f0000,0x000000001a7f0000)]
  0x0000000019b95800 JavaThread "C1 CompilerThread3" daemon [_thread_in_native, id=25668, stack(0x000000001a5f0000,0x000000001a6f0000)]
  0x0000000019b97800 JavaThread "C2 CompilerThread2" daemon [_thread_in_native, id=2904, stack(0x000000001a4f0000,0x000000001a5f0000)]
=>0x0000000019b86000 JavaThread "C2 CompilerThread1" daemon [_thread_in_native, id=19880, stack(0x000000001a3f0000,0x000000001a4f0000)]
  0x0000000019b82800 JavaThread "C2 CompilerThread0" daemon [_thread_in_native, id=14596, stack(0x000000001a2f0000,0x000000001a3f0000)]
  0x0000000019b81000 JavaThread "Attach Listener" daemon [_thread_blocked, id=19096, stack(0x000000001a1f0000,0x000000001a2f0000)]
  0x0000000019b2e800 JavaThread "Signal Dispatcher" daemon [_thread_blocked, id=9416, stack(0x000000001a0f0000,0x000000001a1f0000)]
  0x0000000019b11800 JavaThread "Finalizer" daemon [_thread_blocked, id=8248, stack(0x0000000019ff0000,0x000000001a0f0000)]
  0x0000000019b10800 JavaThread "Reference Handler" daemon [_thread_blocked, id=9776, stack(0x0000000019ef0000,0x0000000019ff0000)]
  0x0000000002bbd800 JavaThread "main" [_thread_blocked, id=25376, stack(0x00000000029f0000,0x0000000002af0000)]

Other Threads:
  0x0000000017d28000 VMThread [stack: 0x00000000199f0000,0x0000000019af0000] [id=4756]
  0x0000000019c26800 WatcherThread [stack: 0x000000001a7f0000,0x000000001a8f0000] [id=24880]

VM state:not at safepoint (normal execution)

VM Mutex/Monitor currently owned by a thread: None

heap address: 0x0000000080000000, size: 2048 MB, Compressed Oops mode: 32-bit
Narrow klass base: 0x0000000000000000, Narrow klass shift: 3
Compressed class space size: 1073741824 Address: 0x0000000100000000

Heap:
 PSYoungGen      total 573440K, used 50101K [0x00000000d5580000, 0x00000000ff480000, 0x0000000100000000)
  eden space 475136K, 10% used [0x00000000d5580000,0x00000000d866d490,0x00000000f2580000)
  from space 98304K, 0% used [0x00000000f9480000,0x00000000f9480000,0x00000000ff480000)
  to   space 105984K, 0% used [0x00000000f2580000,0x00000000f2580000,0x00000000f8d00000)
 ParOldGen       total 320512K, used 131728K [0x0000000080000000, 0x0000000093900000, 0x00000000d5580000)
  object space 320512K, 41% used [0x0000000080000000,0x00000000880a4088,0x0000000093900000)
 Metaspace       used 136558K, capacity 147406K, committed 148864K, reserved 1177600K
  class space    used 17734K, capacity 19839K, committed 20352K, reserved 1048576K

Card table byte_map: [0x0000000012080000,0x0000000012490000] byte_map_base: 0x0000000011c80000

Marking Bits: (ParMarkBitMap*) 0x0000000062bcf030
 Begin Bits: [0x0000000012f40000, 0x0000000014f40000)
 End Bits:   [0x0000000014f40000, 0x0000000016f40000)

Polling page: 0x00000000009d0000

CodeCache: size=245760Kb used=79468Kb max_used=80209Kb free=166291Kb
 bounds [0x0000000002cc0000, 0x0000000007b90000, 0x0000000011cc0000]
 total_blobs=24784 nmethods=23685 adapters=1007
 compilation: enabled

Compilation events (10 events):
Event: 1373.419 Thread 0x0000000019b97800 nmethod 30051 0x0000000006fc6690 code [0x0000000006fc6800, 0x0000000006fc69d8]
Event: 1373.463 Thread 0x0000000019b95800 30052       3       org.gradle.api.internal.artifacts.ivyservice.resolveengine.graph.builder.DependencyGraphBuilder::traverseGraph (171 bytes)
Event: 1373.465 Thread 0x0000000019b97800 30053   !   4       org.gradle.api.internal.artifacts.ivyservice.resolveengine.graph.builder.NodeState::visitDependencies (206 bytes)
Event: 1373.467 Thread 0x0000000019b95800 nmethod 30052 0x00000000070ed650 code [0x00000000070eda20, 0x00000000070efd08]
Event: 1373.473 Thread 0x0000000019b95800 30054       3       org.gradle.api.internal.artifacts.ivyservice.resolveengine.excludes.factories.DelegatingExcludeFactory::moduleId (11 bytes)
Event: 1373.474 Thread 0x0000000019b95800 nmethod 30054 0x00000000063426d0 code [0x0000000006342840, 0x0000000006342a68]
Event: 1373.514 Thread 0x0000000019b82800 nmethod 30048 0x0000000004cdaa50 code [0x0000000004cdad20, 0x0000000004cdc640]
Event: 1373.515 Thread 0x0000000019b82800 30056       4       sun.nio.fs.WindowsPathParser::normalize (233 bytes)
Event: 1373.534 Thread 0x0000000019b95800 30057       3       org.gradle.internal.serialize.BaseSerializerFactory$FileSerializer::write (10 bytes)
Event: 1373.535 Thread 0x0000000019b95800 nmethod 30057 0x00000000052f4350 code [0x00000000052f44c0, 0x00000000052f4848]

GC Heap History (10 events):
Event: 1333.297 GC heap before
{Heap before GC invocations=37 (full 4):
 PSYoungGen      total 584704K, used 483340K [0x00000000d5580000, 0x00000000ff880000, 0x0000000100000000)
  eden space 476160K, 100% used [0x00000000d5580000,0x00000000f2680000,0x00000000f2680000)
  from space 108544K, 6% used [0x00000000f8e00000,0x00000000f95033d0,0x00000000ff800000)
  to   space 105984K, 0% used [0x00000000f2680000,0x00000000f2680000,0x00000000f8e00000)
 ParOldGen       total 320512K, used 273423K [0x0000000080000000, 0x0000000093900000, 0x00000000d5580000)
  object space 320512K, 85% used [0x0000000080000000,0x0000000090b03ce0,0x0000000093900000)
 Metaspace       used 126950K, capacity 138370K, committed 138496K, reserved 1169408K
  class space    used 16577K, capacity 18826K, committed 18944K, reserved 1048576K
Event: 1333.322 GC heap after
Heap after GC invocations=37 (full 4):
 PSYoungGen      total 582144K, used 14704K [0x00000000d5580000, 0x00000000ff480000, 0x0000000100000000)
  eden space 476160K, 0% used [0x00000000d5580000,0x00000000d5580000,0x00000000f2680000)
  from space 105984K, 13% used [0x00000000f2680000,0x00000000f34dc350,0x00000000f8e00000)
  to   space 101376K, 0% used [0x00000000f9180000,0x00000000f9180000,0x00000000ff480000)
 ParOldGen       total 320512K, used 279419K [0x0000000080000000, 0x0000000093900000, 0x00000000d5580000)
  object space 320512K, 87% used [0x0000000080000000,0x00000000910dee58,0x0000000093900000)
 Metaspace       used 126950K, capacity 138370K, committed 138496K, reserved 1169408K
  class space    used 16577K, capacity 18826K, committed 18944K, reserved 1048576K
}
Event: 1336.553 GC heap before
{Heap before GC invocations=38 (full 4):
 PSYoungGen      total 582144K, used 490864K [0x00000000d5580000, 0x00000000ff480000, 0x0000000100000000)
  eden space 476160K, 100% used [0x00000000d5580000,0x00000000f2680000,0x00000000f2680000)
  from space 105984K, 13% used [0x00000000f2680000,0x00000000f34dc350,0x00000000f8e00000)
  to   space 101376K, 0% used [0x00000000f9180000,0x00000000f9180000,0x00000000ff480000)
 ParOldGen       total 320512K, used 279419K [0x0000000080000000, 0x0000000093900000, 0x00000000d5580000)
  object space 320512K, 87% used [0x0000000080000000,0x00000000910dee58,0x0000000093900000)
 Metaspace       used 127909K, capacity 139426K, committed 139520K, reserved 1169408K
  class space    used 16672K, capacity 18940K, committed 18944K, reserved 1048576K
Event: 1336.745 GC heap after
Heap after GC invocations=38 (full 4):
 PSYoungGen      total 572928K, used 82616K [0x00000000d5580000, 0x0000000100000000, 0x0000000100000000)
  eden space 471552K, 0% used [0x00000000d5580000,0x00000000d5580000,0x00000000f2200000)
  from space 101376K, 81% used [0x00000000f9180000,0x00000000fe22e1e8,0x00000000ff480000)
  to   space 113664K, 0% used [0x00000000f2200000,0x00000000f2200000,0x00000000f9100000)
 ParOldGen       total 320512K, used 286501K [0x0000000080000000, 0x0000000093900000, 0x00000000d5580000)
  object space 320512K, 89% used [0x0000000080000000,0x00000000917c96c8,0x0000000093900000)
 Metaspace       used 127909K, capacity 139426K, committed 139520K, reserved 1169408K
  class space    used 16672K, capacity 18940K, committed 18944K, reserved 1048576K
}
Event: 1359.768 GC heap before
{Heap before GC invocations=39 (full 4):
 PSYoungGen      total 572928K, used 554168K [0x00000000d5580000, 0x0000000100000000, 0x0000000100000000)
  eden space 471552K, 100% used [0x00000000d5580000,0x00000000f2200000,0x00000000f2200000)
  from space 101376K, 81% used [0x00000000f9180000,0x00000000fe22e1e8,0x00000000ff480000)
  to   space 113664K, 0% used [0x00000000f2200000,0x00000000f2200000,0x00000000f9100000)
 ParOldGen       total 320512K, used 286501K [0x0000000080000000, 0x0000000093900000, 0x00000000d5580000)
  object space 320512K, 89% used [0x0000000080000000,0x00000000917c96c8,0x0000000093900000)
 Metaspace       used 135627K, capacity 147474K, committed 147584K, reserved 1177600K
  class space    used 17707K, capacity 20047K, committed 20096K, reserved 1048576K
Event: 1359.792 GC heap after
Heap after GC invocations=39 (full 4):
 PSYoungGen      total 585216K, used 11257K [0x00000000d5580000, 0x0000000100000000, 0x0000000100000000)
  eden space 471552K, 0% used [0x00000000d5580000,0x00000000d5580000,0x00000000f2200000)
  from space 113664K, 9% used [0x00000000f2200000,0x00000000f2cfe4e8,0x00000000f9100000)
  to   space 110080K, 0% used [0x00000000f9480000,0x00000000f9480000,0x0000000100000000)
 ParOldGen       total 320512K, used 288861K [0x0000000080000000, 0x0000000093900000, 0x00000000d5580000)
  object space 320512K, 90% used [0x0000000080000000,0x0000000091a176b8,0x0000000093900000)
 Metaspace       used 135627K, capacity 147474K, committed 147584K, reserved 1177600K
  class space    used 17707K, capacity 20047K, committed 20096K, reserved 1048576K
}
Event: 1362.566 GC heap before
{Heap before GC invocations=40 (full 4):
 PSYoungGen      total 585216K, used 477404K [0x00000000d5580000, 0x0000000100000000, 0x0000000100000000)
  eden space 471552K, 98% used [0x00000000d5580000,0x00000000f1cb8c50,0x00000000f2200000)
  from space 113664K, 9% used [0x00000000f2200000,0x00000000f2cfe4e8,0x00000000f9100000)
  to   space 110080K, 0% used [0x00000000f9480000,0x00000000f9480000,0x0000000100000000)
 ParOldGen       total 320512K, used 288861K [0x0000000080000000, 0x0000000093900000, 0x00000000d5580000)
  object space 320512K, 90% used [0x0000000080000000,0x0000000091a176b8,0x0000000093900000)
 Metaspace       used 136726K, capacity 148696K, committed 148864K, reserved 1177600K
  class space    used 17858K, capacity 20246K, committed 20352K, reserved 1048576K
Event: 1362.580 GC heap after
Heap after GC invocations=40 (full 4):
 PSYoungGen      total 573440K, used 12074K [0x00000000d5580000, 0x00000000ff480000, 0x0000000100000000)
  eden space 475136K, 0% used [0x00000000d5580000,0x00000000d5580000,0x00000000f2580000)
  from space 98304K, 12% used [0x00000000f9480000,0x00000000fa04a988,0x00000000ff480000)
  to   space 105984K, 0% used [0x00000000f2580000,0x00000000f2580000,0x00000000f8d00000)
 ParOldGen       total 320512K, used 293456K [0x0000000080000000, 0x0000000093900000, 0x00000000d5580000)
  object space 320512K, 91% used [0x0000000080000000,0x0000000091e94158,0x0000000093900000)
 Metaspace       used 136726K, capacity 148696K, committed 148864K, reserved 1177600K
  class space    used 17858K, capacity 20246K, committed 20352K, reserved 1048576K
}
Event: 1362.581 GC heap before
{Heap before GC invocations=41 (full 5):
 PSYoungGen      total 573440K, used 12074K [0x00000000d5580000, 0x00000000ff480000, 0x0000000100000000)
  eden space 475136K, 0% used [0x00000000d5580000,0x00000000d5580000,0x00000000f2580000)
  from space 98304K, 12% used [0x00000000f9480000,0x00000000fa04a988,0x00000000ff480000)
  to   space 105984K, 0% used [0x00000000f2580000,0x00000000f2580000,0x00000000f8d00000)
 ParOldGen       total 320512K, used 293456K [0x0000000080000000, 0x0000000093900000, 0x00000000d5580000)
  object space 320512K, 91% used [0x0000000080000000,0x0000000091e94158,0x0000000093900000)
 Metaspace       used 136726K, capacity 148696K, committed 148864K, reserved 1177600K
  class space    used 17858K, capacity 20246K, committed 20352K, reserved 1048576K
Event: 1362.852 GC heap after
Heap after GC invocations=41 (full 5):
 PSYoungGen      total 573440K, used 0K [0x00000000d5580000, 0x00000000ff480000, 0x0000000100000000)
  eden space 475136K, 0% used [0x00000000d5580000,0x00000000d5580000,0x00000000f2580000)
  from space 98304K, 0% used [0x00000000f9480000,0x00000000f9480000,0x00000000ff480000)
  to   space 105984K, 0% used [0x00000000f2580000,0x00000000f2580000,0x00000000f8d00000)
 ParOldGen       total 320512K, used 131728K [0x0000000080000000, 0x0000000093900000, 0x00000000d5580000)
  object space 320512K, 41% used [0x0000000080000000,0x00000000880a4088,0x0000000093900000)
 Metaspace       used 136176K, capacity 147016K, committed 148864K, reserved 1177600K
  class space    used 17682K, capacity 19800K, committed 20352K, reserved 1048576K
}

Deoptimization events (10 events):
Event: 1362.877 Thread 0x0000000030f05000 Uncommon trap: reason=speculate_class_check action=maybe_recompile pc=0x0000000003cae6d4 method=sun.nio.ch.IOUtil.writeFromNativeBuffer(Ljava/io/FileDescriptor;Ljava/nio/ByteBuffer;JLsun/nio/ch/NativeDispatcher;)I @ 100
Event: 1362.878 Thread 0x0000000030f05000 Uncommon trap: reason=speculate_class_check action=maybe_recompile pc=0x0000000003cae6d4 method=sun.nio.ch.IOUtil.writeFromNativeBuffer(Ljava/io/FileDescriptor;Ljava/nio/ByteBuffer;JLsun/nio/ch/NativeDispatcher;)I @ 100
Event: 1362.878 Thread 0x0000000030f05000 Uncommon trap: reason=speculate_class_check action=maybe_recompile pc=0x0000000003cae6d4 method=sun.nio.ch.IOUtil.writeFromNativeBuffer(Ljava/io/FileDescriptor;Ljava/nio/ByteBuffer;JLsun/nio/ch/NativeDispatcher;)I @ 100
Event: 1362.878 Thread 0x0000000030f05000 Uncommon trap: reason=speculate_class_check action=maybe_recompile pc=0x0000000003cae6d4 method=sun.nio.ch.IOUtil.writeFromNativeBuffer(Ljava/io/FileDescriptor;Ljava/nio/ByteBuffer;JLsun/nio/ch/NativeDispatcher;)I @ 100
Event: 1362.879 Thread 0x0000000030f05000 Uncommon trap: reason=speculate_class_check action=maybe_recompile pc=0x000000000389ecc0 method=sun.nio.ch.IOUtil.writeFromNativeBuffer(Ljava/io/FileDescriptor;Ljava/nio/ByteBuffer;JLsun/nio/ch/NativeDispatcher;)I @ 100
Event: 1362.879 Thread 0x0000000030f05000 Uncommon trap: reason=speculate_class_check action=maybe_recompile pc=0x000000000389ecc0 method=sun.nio.ch.IOUtil.writeFromNativeBuffer(Ljava/io/FileDescriptor;Ljava/nio/ByteBuffer;JLsun/nio/ch/NativeDispatcher;)I @ 100
Event: 1363.175 Thread 0x000000001cb38000 Uncommon trap: reason=class_check action=maybe_recompile pc=0x0000000004170f34 method=com.google.gson.stream.JsonWriter.string(Ljava/lang/String;)V @ 156
Event: 1363.215 Thread 0x000000002f1a0800 Uncommon trap: reason=unstable_if action=reinterpret pc=0x0000000003093ba4 method=org.gradle.internal.util.Trie.find(Ljava/lang/CharSequence;)Z @ 91
Event: 1363.233 Thread 0x000000002f1a0800 Uncommon trap: reason=unstable_if action=reinterpret pc=0x00000000054501f4 method=com.google.gson.stream.JsonWriter.newline()V @ 4
Event: 1363.264 Thread 0x0000000030ef2000 Uncommon trap: reason=unstable_if action=reinterpret pc=0x00000000059147c8 method=java.util.concurrent.locks.AbstractQueuedSynchronizer$ConditionObject.awaitNanos(J)J @ 89

Classes redefined (0 events):
No events

Internal exceptions (10 events):
Event: 1360.246 Thread 0x0000000030eee800 Exception <a 'sun/nio/fs/WindowsException'> (0x00000000dafdd7f8) thrown at [C:\src\AOSP-openjdk-git\hotspot\src\share\vm\prims\jni.cpp, line 710]
Event: 1360.258 Thread 0x0000000030eee800 Exception <a 'sun/nio/fs/WindowsException'> (0x00000000dba6bab0) thrown at [C:\src\AOSP-openjdk-git\hotspot\src\share\vm\prims\jni.cpp, line 710]
Event: 1360.265 Thread 0x0000000030eee800 Exception <a 'sun/nio/fs/WindowsException'> (0x00000000dba72d18) thrown at [C:\src\AOSP-openjdk-git\hotspot\src\share\vm\prims\jni.cpp, line 710]
Event: 1360.269 Thread 0x0000000030eee800 Exception <a 'sun/nio/fs/WindowsException'> (0x00000000dba7b450) thrown at [C:\src\AOSP-openjdk-git\hotspot\src\share\vm\prims\jni.cpp, line 710]
Event: 1360.613 Thread 0x0000000030ef6800 Exception <a 'sun/nio/fs/WindowsException'> (0x00000000ddcfc188) thrown at [C:\src\AOSP-openjdk-git\hotspot\src\share\vm\prims\jni.cpp, line 710]
Event: 1362.341 Thread 0x000000001cb2f000 Exception <a 'sun/nio/fs/WindowsException'> (0x00000000f0ec5190) thrown at [C:\src\AOSP-openjdk-git\hotspot\src\share\vm\prims\jni.cpp, line 710]
Event: 1362.353 Thread 0x0000000039a68800 Exception <a 'java/lang/InterruptedException'> (0x00000000e75396a0) thrown at [C:\src\AOSP-openjdk-git\hotspot\src\share\vm\runtime\objectMonitor.cpp, line 1491]
Event: 1362.542 Thread 0x0000000030f05000 Exception <a 'sun/nio/fs/WindowsException'> (0x00000000f146c358) thrown at [C:\src\AOSP-openjdk-git\hotspot\src\share\vm\prims\jni.cpp, line 710]
Event: 1362.542 Thread 0x0000000030f05000 Exception <a 'sun/nio/fs/WindowsException'> (0x00000000f146c820) thrown at [C:\src\AOSP-openjdk-git\hotspot\src\share\vm\prims\jni.cpp, line 710]
Event: 1362.551 Thread 0x0000000030f05000 Exception <a 'java/lang/NoSuchMethodError': java.lang.Object.lambda$static$0(Lcom/android/apksig/util/RunnablesProvider;)V> (0x00000000f14df9e0) thrown at [C:\src\AOSP-openjdk-git\hotspot\src\share\vm\interpreter\linkResolver.cpp, line 620]

Events (10 events):
Event: 1373.488 Executing VM operation: RevokeBias
Event: 1373.504 Executing VM operation: RevokeBias done
Event: 1373.504 Executing VM operation: RevokeBias
Event: 1373.506 Executing VM operation: RevokeBias done
Event: 1373.530 Thread 0x0000000039a76000 DEOPT PACKING pc=0x000000000683f37c sp=0x000000002298e4c0
Event: 1373.530 Thread 0x0000000039a76000 DEOPT UNPACKING pc=0x0000000002d075d0 sp=0x000000002298e378 mode 0
Event: 1373.547 Thread 0x0000000039a76000 DEOPT PACKING pc=0x000000000683f37c sp=0x000000002298eab0
Event: 1373.547 Thread 0x0000000039a76000 DEOPT UNPACKING pc=0x0000000002d075d0 sp=0x000000002298e968 mode 0
Event: 1373.559 Thread 0x000000002f1a0800 DEOPT PACKING pc=0x000000000683f37c sp=0x000000001db69c90
Event: 1373.559 Thread 0x000000002f1a0800 DEOPT UNPACKING pc=0x0000000002d075d0 sp=0x000000001db69b48 mode 0


Dynamic libraries:
0x00007ff6fabd0000 - 0x00007ff6fac01000 	C:\Program Files\Android\Android Studio\jre\bin\java.exe
0x00007fffe3e70000 - 0x00007fffe4066000 	C:\WINDOWS\SYSTEM32\ntdll.dll
0x00007fffe2040000 - 0x00007fffe20fd000 	C:\WINDOWS\System32\KERNEL32.DLL
0x00007fffe17c0000 - 0x00007fffe1a89000 	C:\WINDOWS\System32\KERNELBASE.dll
0x00007fffe28a0000 - 0x00007fffe294c000 	C:\WINDOWS\System32\ADVAPI32.dll
0x00007fffe2800000 - 0x00007fffe289e000 	C:\WINDOWS\System32\msvcrt.dll
0x00007fffe2400000 - 0x00007fffe249c000 	C:\WINDOWS\System32\sechost.dll
0x00007fffe3cd0000 - 0x00007fffe3dfb000 	C:\WINDOWS\System32\RPCRT4.dll
0x00007fffe2100000 - 0x00007fffe22a0000 	C:\WINDOWS\System32\USER32.dll
0x00007fffe16b0000 - 0x00007fffe16d2000 	C:\WINDOWS\System32\win32u.dll
0x00007fffe2c90000 - 0x00007fffe2cba000 	C:\WINDOWS\System32\GDI32.dll
0x00007fffe1cc0000 - 0x00007fffe1dcb000 	C:\WINDOWS\System32\gdi32full.dll
0x00007fffe15b0000 - 0x00007fffe164d000 	C:\WINDOWS\System32\msvcp_win.dll
0x00007fffe1dd0000 - 0x00007fffe1ed0000 	C:\WINDOWS\System32\ucrtbase.dll
0x00007fffc8130000 - 0x00007fffc83cb000 	C:\WINDOWS\WinSxS\amd64_microsoft.windows.common-controls_6595b64144ccf1df_6.0.19041.746_none_ca02b4b61b8320a4\COMCTL32.dll
0x00007fffe3e00000 - 0x00007fffe3e30000 	C:\WINDOWS\System32\IMM32.DLL
0x00000000618b0000 - 0x0000000061982000 	C:\Program Files\Android\Android Studio\jre\jre\bin\msvcr100.dll
0x0000000062400000 - 0x0000000062c4b000 	C:\Program Files\Android\Android Studio\jre\jre\bin\server\jvm.dll
0x00007fffe22a0000 - 0x00007fffe22a8000 	C:\WINDOWS\System32\PSAPI.DLL
0x00007fffcd090000 - 0x00007fffcd0b7000 	C:\WINDOWS\SYSTEM32\WINMM.dll
0x00007fffdf2f0000 - 0x00007fffdf2f9000 	C:\WINDOWS\SYSTEM32\WSOCK32.dll
0x00007fffdc730000 - 0x00007fffdc73a000 	C:\WINDOWS\SYSTEM32\VERSION.dll
0x00007fffe3c60000 - 0x00007fffe3ccb000 	C:\WINDOWS\System32\WS2_32.dll
0x00007fffd7620000 - 0x00007fffd762f000 	C:\Program Files\Android\Android Studio\jre\jre\bin\verify.dll
0x00007fffc2260000 - 0x00007fffc2289000 	C:\Program Files\Android\Android Studio\jre\jre\bin\java.dll
0x00007fffd7020000 - 0x00007fffd7036000 	C:\Program Files\Android\Android Studio\jre\jre\bin\zip.dll
0x00007fffe3330000 - 0x00007fffe3a73000 	C:\WINDOWS\System32\SHELL32.dll
0x00007fffdf710000 - 0x00007fffdfe9f000 	C:\WINDOWS\SYSTEM32\windows.storage.dll
0x00007fffe24a0000 - 0x00007fffe27f6000 	C:\WINDOWS\System32\combase.dll
0x00007fffe1010000 - 0x00007fffe103c000 	C:\WINDOWS\SYSTEM32\Wldp.dll
0x00007fffe1f80000 - 0x00007fffe202e000 	C:\WINDOWS\System32\SHCORE.dll
0x00007fffe32d0000 - 0x00007fffe3325000 	C:\WINDOWS\System32\shlwapi.dll
0x00007fffe14e0000 - 0x00007fffe1506000 	C:\WINDOWS\SYSTEM32\profapi.dll
0x00007fffd61f0000 - 0x00007fffd620a000 	C:\Program Files\Android\Android Studio\jre\jre\bin\net.dll
0x00007fffe0d90000 - 0x00007fffe0dfa000 	C:\WINDOWS\system32\mswsock.dll
0x00007fffd12f0000 - 0x00007fffd1303000 	C:\Program Files\Android\Android Studio\jre\jre\bin\nio.dll
0x00007fffd6210000 - 0x00007fffd6237000 	C:\Users\com\.gradle\native\f6784746aeab05261644944871eae4fe03e0ef1612fff0a4a95f87b438bc6780\windows-amd64\native-platform.dll
0x00007fffd6b20000 - 0x00007fffd6b2d000 	C:\Program Files\Android\Android Studio\jre\jre\bin\management.dll
0x00007fffe0f70000 - 0x00007fffe0f88000 	C:\WINDOWS\SYSTEM32\CRYPTSP.dll
0x00007fffe06c0000 - 0x00007fffe06f4000 	C:\WINDOWS\system32\rsaenh.dll
0x00007fffe16e0000 - 0x00007fffe1707000 	C:\WINDOWS\System32\bcrypt.dll
0x00007fffe14a0000 - 0x00007fffe14ce000 	C:\WINDOWS\SYSTEM32\USERENV.dll
0x00007fffe1bf0000 - 0x00007fffe1c70000 	C:\WINDOWS\System32\bcryptprimitives.dll
0x00007fffe0f60000 - 0x00007fffe0f6c000 	C:\WINDOWS\SYSTEM32\CRYPTBASE.dll
0x00007fffe0a30000 - 0x00007fffe0a6b000 	C:\WINDOWS\SYSTEM32\IPHLPAPI.DLL
0x00007fffe2030000 - 0x00007fffe2038000 	C:\WINDOWS\System32\NSI.dll
0x00007fffd10f0000 - 0x00007fffd1107000 	C:\WINDOWS\SYSTEM32\dhcpcsvc6.DLL
0x00007fffd12d0000 - 0x00007fffd12ed000 	C:\WINDOWS\SYSTEM32\dhcpcsvc.DLL
0x00007fffe0a70000 - 0x00007fffe0b3b000 	C:\WINDOWS\SYSTEM32\DNSAPI.dll
0x00007fffd1550000 - 0x00007fffd155b000 	C:\WINDOWS\SYSTEM32\WINNSI.DLL
0x00007fffc05a0000 - 0x00007fffc05c4000 	C:\Program Files\Android\Android Studio\jre\jre\bin\sunec.dll
0x00007fffd14e0000 - 0x00007fffd14ea000 	C:\Windows\System32\rasadhlp.dll
0x00007fffcfe20000 - 0x00007fffcfe9f000 	C:\WINDOWS\System32\fwpuclnt.dll
0x00007fffdf2b0000 - 0x00007fffdf2bb000 	C:\Program Files\Android\Android Studio\jre\jre\bin\sunmscapi.dll
0x00007fffe1a90000 - 0x00007fffe1be6000 	C:\WINDOWS\System32\CRYPT32.dll
0x00007fffc0080000 - 0x00007fffc021c000 	C:\Program Files\Android\Android Studio\jre\jre\bin\awt.dll
0x00007fffe3b00000 - 0x00007fffe3bcd000 	C:\WINDOWS\System32\OLEAUT32.dll
0x00007fffdf470000 - 0x00007fffdf49f000 	C:\WINDOWS\SYSTEM32\dwmapi.dll
0x00007fffdd9c0000 - 0x00007fffddf80000 	C:\WINDOWS\SYSTEM32\d2d1.dll
0x00007fffdeb50000 - 0x00007fffdebe0000 	C:\WINDOWS\SYSTEM32\apphelp.dll
0x00007fffdf390000 - 0x00007fffdf42e000 	C:\WINDOWS\system32\uxtheme.dll
0x00007fffd2e90000 - 0x00007fffd2eae000 	C:\Users\com\AppData\Local\Temp\native-platform4751599932749244259dir\native-platform.dll

VM Arguments:
jvm_args: -Xmx2048m -Dfile.encoding=UTF-8 -Duser.country=KR -Duser.language=ko -Duser.variant 
java_command: org.gradle.launcher.daemon.bootstrap.GradleDaemon 6.5
java_class_path (initial): C:\Users\com\.gradle\wrapper\dists\gradle-6.5-bin\6nifqtx7604sqp1q6g8wikw7p\gradle-6.5\lib\gradle-launcher-6.5.jar
Launcher Type: SUN_STANDARD

Environment Variables:
PATH=C:\Program Files (x86)\Common Files\Oracle\Java\javapath;C:\ProgramData\Anaconda3;C:\ProgramData\Anaconda3\Library\mingw-w64\bin;C:\ProgramData\Anaconda3\Library\usr\bin;C:\ProgramData\Anaconda3\Library\bin;C:\ProgramData\Anaconda3\Scripts;C:\WINDOWS\system32;C:\WINDOWS;C:\WINDOWS\System32\Wbem;C:\WINDOWS\System32\WindowsPowerShell\v1.0\;C:\WINDOWS\System32\OpenSSH\;C:\Program Files\MATLAB\R2020b\bin;C:\Program Files\Git\cmd;C:\Users\com\AppData\Local\Microsoft\WindowsApps;C:\Users\com\AppData\Local\Programs\Microsoft VS Code\bin;C:\Users\com\AppData\Local\GitHubDesktop\bin;
USERNAME=com
OS=Windows_NT
PROCESSOR_IDENTIFIER=Intel64 Family 6 Model 142 Stepping 11, GenuineIntel



---------------  S Y S T E M  ---------------

OS: Windows 10.0 , 64 bit Build 19041 (10.0.19041.662)

CPU:total 8 (initial active 8) (4 cores per cpu, 2 threads per core) family 6 model 142 stepping 11, cmov, cx8, fxsr, mmx, sse, sse2, sse3, ssse3, sse4.1, sse4.2, popcnt, avx, avx2, aes, clmul, erms, 3dnowpref, lzcnt, ht, tsc, tscinvbit, bmi1, bmi2, adx

Memory: 4k page, physical 16632188k(851316k free), swap 16632188k(5124k free)

vm_info: OpenJDK 64-Bit Server VM (25.242-b01) for windows-amd64 JRE (1.8.0_242-release-1644-b01), built by "builder" with MS VC++ 10.0 (VS2010)

time: Mon Feb 15 20:35:45 2021
timezone: 대한민국 표준시
elapsed time: 1373 seconds (0d 0h 22m 53s)

